<?xml version="1.0" encoding="UTF-8"?>
<!-- Generated by org.testng.reporters.JUnitReportReporter -->
<testsuite hostname="DESKTOP-PR6UAFV" failures="0" tests="1" name="testcase.login" time="13.533" errors="0" timestamp="2021-10-07T18:00:48 IST" skipped="0">
  <testcase classname="testcase.login" name="login" time="13.533"/>
  <system-out/>
</testsuite> <!-- testcase.login -->
