<?xml version="1.0" encoding="UTF-8"?>
<!-- Generated by org.testng.reporters.JUnitReportReporter -->
<testsuite skipped="0" hostname="DESKTOP-4CQSLDO" name="testcases.EditLead" tests="1" failures="0" timestamp="2021-09-25T15:03:12 IST" time="49.318" errors="0">
  <testcase name="editLead" time="49.318" classname="testcases.EditLead"/>
  <system-out/>
</testsuite> <!-- testcases.EditLead -->
