<?xml version="1.0" encoding="UTF-8"?>
<!-- Generated by org.testng.reporters.JUnitReportReporter -->
<testsuite skipped="0" hostname="DESKTOP-PR6UAFV" name="testcases.CreatLead" tests="1" failures="0" timestamp="2021-10-17T20:02:44 IST" time="18.804" errors="0">
  <testcase name="createLead" time="18.804" classname="testcases.CreatLead"/>
  <system-out/>
</testsuite> <!-- testcases.CreatLead -->
