<?xml version="1.0" encoding="UTF-8"?>
<!-- Generated by org.testng.reporters.JUnitReportReporter -->
<testsuite skipped="2" hostname="DESKTOP-4CQSLDO" name="testcases.MergeLead" tests="3" failures="0" timestamp="2021-09-25T15:03:12 IST" time="183.302" errors="0">
  <testcase name="createLead" time="71.976" classname="testcases.MergeLead">
    <skipped/>
  </testcase> <!-- createLead -->
  <system-out/>
  <testcase name="createLead" time="55.787" classname="testcases.MergeLead"/>
  <system-out/>
  <testcase name="createLead" time="55.539" classname="testcases.MergeLead">
    <skipped/>
  </testcase> <!-- createLead -->
  <system-out/>
</testsuite> <!-- testcases.MergeLead -->
